<?xml version="1.0" encoding="UTF-8"?>
<!-- Generated by org.testng.reporters.JUnitReportReporter -->
<testsuite hostname="L-INE-CTRSYZ2" failures="0" tests="1" name="pom_8_9_2023.LginwithPageFactory" time="14.234" errors="0" timestamp="2023-09-08T12:48:10 IST" skipped="0">
  <testcase classname="pom_8_9_2023.LginwithPageFactory" name="f" time="14.234"/>
</testsuite> <!-- pom_8_9_2023.LginwithPageFactory -->
