<?xml version="1.0" encoding="UTF-8"?>
<!-- Generated by org.testng.reporters.JUnitReportReporter -->
<testsuite hostname="L-INE-CTRSYZ2" failures="0" tests="3" name="testng_listerners_6_9_2023.NewTest" time="0.022" errors="0" timestamp="2023-09-06T15:08:49 IST" skipped="0">
  <testcase classname="testng_listerners_6_9_2023.NewTest" name="f" time="0.016"/>
  <testcase classname="testng_listerners_6_9_2023.NewTest" name="f1" time="0.003"/>
  <testcase classname="testng_listerners_6_9_2023.NewTest" name="f2" time="0.003"/>
</testsuite> <!-- testng_listerners_6_9_2023.NewTest -->
