<?xml version="1.0" encoding="UTF-8"?>
<!-- Generated by org.testng.reporters.JUnitReportReporter -->
<testsuite hostname="L-INE-CTRSYZ2" failures="0" tests="1" name="jenkins_package.NewTest" time="5.815" errors="0" timestamp="2023-09-06T11:18:01 IST" skipped="0">
  <testcase classname="jenkins_package.NewTest" name="f" time="5.815"/>
</testsuite> <!-- jenkins_package.NewTest -->
