<?xml version="1.0" encoding="UTF-8"?>
<!-- Generated by org.testng.reporters.JUnitReportReporter -->
<testsuite hostname="L-INE-CTRSYZ2" failures="0" tests="2" name="Technical_Assessment_02.TestNGCase_1" time="14.409" errors="0" timestamp="2023-09-07T12:19:45 IST" skipped="0">
  <testcase classname="Technical_Assessment_02.TestNGCase_1" name="TestCase_02" time="4.443"/>
  <testcase classname="Technical_Assessment_02.TestNGCase_1" name="TestCase_01" time="9.966"/>
</testsuite> <!-- Technical_Assessment_02.TestNGCase_1 -->
