<?xml version="1.0" encoding="UTF-8"?>
<!-- Generated by org.testng.reporters.JUnitReportReporter -->
<testsuite hostname="L-INE-CTRSYZ2" failures="0" tests="3" name="data_provider.data_provider_class" time="18.539" errors="0" timestamp="2023-09-06T18:03:41 IST" skipped="0">
  <testcase classname="data_provider.data_provider_class" name="LoginUsingJXL" time="7.136"/>
  <testcase classname="data_provider.data_provider_class" name="LoginUsingJXL" time="6.426"/>
  <testcase classname="data_provider.data_provider_class" name="LoginUsingJXL" time="4.977"/>
</testsuite> <!-- data_provider.data_provider_class -->
