<?xml version="1.0" encoding="UTF-8"?>
<!-- Generated by org.testng.reporters.JUnitReportReporter -->
<testsuite hostname="L-INE-CTRSYZ2" failures="0" tests="5" name="Technical_Assessment_02.TestNGCase_03" time="5.025" errors="0" timestamp="2023-09-07T13:15:26 IST" skipped="0">
  <testcase classname="Technical_Assessment_02.TestNGCase_03" name="testCase1" time="1.701"/>
  <testcase classname="Technical_Assessment_02.TestNGCase_03" name="testCase2" time="0.932"/>
  <testcase classname="Technical_Assessment_02.TestNGCase_03" name="testCase3" time="0.790"/>
  <testcase classname="Technical_Assessment_02.TestNGCase_03" name="testCase4" time="0.716"/>
  <testcase classname="Technical_Assessment_02.TestNGCase_03" name="testCase5" time="0.886"/>
</testsuite> <!-- Technical_Assessment_02.TestNGCase_03 -->
