<?xml version="1.0" encoding="UTF-8"?>
<!-- Generated by org.testng.reporters.JUnitReportReporter -->
<testsuite hostname="L-INE-CTRSYZ2" failures="0" tests="2" name="Technical_Assessment_02.Login_and_logout_check" time="5.143" errors="0" timestamp="2023-09-07T10:58:47 IST" skipped="0">
  <testcase classname="Technical_Assessment_02.Login_and_logout_check" name="f" time="2.045"/>
  <testcase classname="Technical_Assessment_02.Login_and_logout_check" name="f1" time="3.098"/>
</testsuite> <!-- Technical_Assessment_02.Login_and_logout_check -->
