<?xml version="1.0" encoding="UTF-8"?>
<!-- Generated by org.testng.reporters.JUnitReportReporter -->
<testsuite hostname="L-INE-CTRSYZ2" failures="0" tests="1" name="demowebshop_8_9_2023.driverClassForDemoWebShop" time="10.754" errors="0" timestamp="2023-09-08T17:53:34 IST" skipped="0">
  <testcase classname="demowebshop_8_9_2023.driverClassForDemoWebShop" name="f" time="10.754"/>
</testsuite> <!-- demowebshop_8_9_2023.driverClassForDemoWebShop -->
