<?xml version="1.0" encoding="UTF-8"?>
<!-- Generated by org.testng.reporters.JUnitReportReporter -->
<testsuite hostname="L-INE-CTRSYZ2" failures="0" tests="2" name="testng_listerners_6_9_2023.listener_testng_class" time="0.545" errors="0" timestamp="2023-09-06T14:43:04 IST" skipped="0">
  <testcase classname="testng_listerners_6_9_2023.listener_testng_class" name="f" time="0.494"/>
  <testcase classname="testng_listerners_6_9_2023.listener_testng_class" name="f1" time="0.051"/>
</testsuite> <!-- testng_listerners_6_9_2023.listener_testng_class -->
