<?xml version="1.0" encoding="UTF-8"?>
<!-- Generated by org.testng.reporters.JUnitReportReporter -->
<testsuite hostname="L-INE-CTRSYZ2" failures="0" tests="1" name="pom_8_9_2023.logintest" time="3.175" errors="0" timestamp="2023-09-08T15:28:01 IST" skipped="0">
  <testcase classname="pom_8_9_2023.logintest" name="f" time="3.175"/>
</testsuite> <!-- pom_8_9_2023.logintest -->
