<?xml version="1.0" encoding="UTF-8"?>
<!-- Generated by org.testng.reporters.JUnitReportReporter -->
<testsuite hostname="L-INE-CTRSYZ2" failures="0" tests="1" name="jenkins_package.NewTest2" time="11.236" errors="0" timestamp="2023-09-06T12:41:29 IST" skipped="0">
  <testcase classname="jenkins_package.NewTest2" name="f" time="11.236"/>
</testsuite> <!-- jenkins_package.NewTest2 -->
